build/app/outputs/mapping/release/seeds.txt
com.commv.commvdriver.MainActivity
com.commv.commvdriver.MainActivity: MainActivity()
...
io.flutter.plugin.editing.ImeSyncDeferringInsetsCallback$AnimationCallback: void onEnd(android.view.WindowInsetsAnimation)
androidx.appcompat.widget.ViewStubCompat: void setInflatedId(int)
io.flutter.plugin.platform.SingleViewPresentation: SingleViewPresentation(android.content.Context,android.view.Display,io.flutter.plugin.platform.AccessibilityEventsDelegate,io.flutter.plugin.platform.SingleViewPresentation$PresentationState,android.view.View$OnFocusChangeListener,boolean)
androidx.appcompat.widget.SearchView$SearchAutoComplete: void setSearchView(androidx.appcompat.widget.SearchView)
io.flutter.view.FlutterCallbackInformation: io.flutter.view.FlutterCallbackInformation lookupCallbackInformation(long)
io.flutter.embedding.engine.FlutterJNI: void cleanupMessageData(long)
androidx.appcompat.widget.Toolbar: android.view.Menu getMenu()
io.flutter.embedding.engine.FlutterJNI: void onDisplayPlatformView(int,int,int,int,int,int,int,io.flutter.embedding.engine.mutatorsstack.FlutterMutatorsStack)
androidx.appcompat.widget.AppCompatAutoCompleteTextView: void setSupportBackgroundTintMode(android.graphics.PorterDuff$Mode)
androidx.appcompat.view.menu.ListMenuItemView: void setSubMenuArrowVisible(boolean)
androidx.core.view.WindowInsetsCompat$Impl29: androidx.core.graphics.Insets getSystemGestureInsets()
androidx.core.location.LocationManagerCompat$Api19Impl: boolean tryRequestLocationUpdates(android.location.LocationManager,java.lang.String,androidx.core.location.LocationRequestCompat,androidx.core.location.LocationManagerCompat$LocationListenerTransport)
androidx.core.view.WindowInsetsCompat$Impl: void copyWindowDataInto(androidx.core.view.WindowInsetsCompat)
com.google.firebase.installations.FirebaseInstallationsException$Status: com.google.firebase.installations.FirebaseInstallationsException$Status[] values()
io.flutter.embedding.android.FlutterView: android.view.accessibility.AccessibilityNodeProvider getAccessibilityNodeProvider()
androidx.core.graphics.drawable.DrawableCompat$Api21Impl: boolean canApplyTheme(android.graphics.drawable.Drawable)
androidx.core.app.NotificationCompatBuilder$Api21Impl: android.app.Notification$Builder setCategory(android.app.Notification$Builder,java.lang.String)
com.google.android.gms.common.SupportErrorDialogFragment: SupportErrorDialogFragment()
androidx.appcompat.widget.Toolbar: void setSubtitle(java.lang.CharSequence)
androidx.fragment.app.FragmentContainerView: androidx.fragment.app.Fragment getFragment()
androidx.core.view.WindowInsetsCompat$BuilderImpl: void setSystemWindowInsets(androidx.core.graphics.Insets)
kotlinx.coroutines.scheduling.CoroutineScheduler$WorkerState: kotlinx.coroutines.scheduling.CoroutineScheduler$WorkerState[] values()
io.flutter.plugins.firebase.messaging.FlutterFirebaseMessagingBackgroundService: FlutterFirebaseMessagingBackgroundService()
androidx.appcompat.widget.ActionBarContextView: int getContentHeight()
androidx.core.widget.EdgeEffectCompat$Api31Impl: float getDistance(android.widget.EdgeEffect)
androidx.core.view.MenuItemCompat$Api26Impl: int getAlphabeticModifiers(android.view.MenuItem)
androidx.window.area.reflectionguard.ExtensionWindowAreaPresentationRequirements: void setPresentationView(android.view.View)
com.google.firebase.messaging.reporting.MessagingClientEvent$MessageType: com.google.firebase.messaging.reporting.MessagingClientEvent$MessageType valueOf(java.lang.String)
androidx.appcompat.view.menu.ActionMenuItemView: void setPopupCallback(androidx.appcompat.view.menu.ActionMenuItemView$PopupCallback)
androidx.core.location.LocationCompat$Api26Impl: void setBearingAccuracyDegrees(android.location.Location,float)
io.flutter.embedding.engine.renderer.FlutterRenderer$ImageReaderSurfaceProducer: int numImages()
androidx.fragment.app.strictmode.FragmentStrictMode$Flag: androidx.fragment.app.strictmode.FragmentStrictMode$Flag[] values()
com.google.firebase.messaging.ktx.FirebaseMessagingKtxRegistrar: FirebaseMessagingKtxRegistrar()