build/app/outputs/mapping/release/mapping.txt
# compiler: R8
# compiler_version: 8.11.18
# min_api: 21
# common_typos_disable
# {"id":"com.android.tools.r8.mapping","version":"2.2"}
# pg_map_id: edc0e51
# pg_map_hash: SHA-256 edc0e51101fd4c7b291e7c5190ddbaee908b899441e45e900033730c8f04d8f8
com.commv.commvdriver.MainActivity -> com.commv.commvdriver.MainActivity:
# {"id":"sourceFile","fileName":"MainActivity.kt"}
    1:4:void <init>():5:5 -> <init>
...
com.google.android.gms.maps.model.StampStyle -> Z0.w:
# {"id":"sourceFile","fileName":"com.google.android.gms:play-services-maps@@18.2.0"}
    com.google.android.gms.maps.model.BitmapDescriptor zza -> f
      # {"id":"com.android.tools.r8.residualsignature","signature":"LZ0/b;"}
    1:8:void <clinit>():0:0 -> <clinit>
    1:5:void <init>(android.os.IBinder):1:1 -> <init>
    6:15:void <init>(android.os.IBinder):2:2 -> <init>
    1:6:void writeToParcel(android.os.Parcel,int):1:1 -> writeToParcel
    7:10:void writeToParcel(android.os.Parcel,int):2:2 -> writeToParcel
    11:16:void writeToParcel(android.os.Parcel,int):3:3 -> writeToParcel
    17:19:void writeToParcel(android.os.Parcel,int):4:4 -> writeToParcel
    20:23:void writeToParcel(android.os.Parcel,int):5:5 -> writeToParcel
com.google.android.gms.maps.model.StrokeStyle -> Z0.x:
# {"id":"sourceFile","fileName":"com.google.android.gms:play-services-maps@@18.2.0"}
    float zza -> f
    int zzb -> g
    int zzc -> h
    boolean zzd -> i
    com.google.android.gms.maps.model.StampStyle zze -> j
      # {"id":"com.android.tools.r8.residualsignature","signature":"LZ0/w;"}
    1:8:void <clinit>():0:0 -> <clinit>
    1:14:void <init>(float,int,int,boolean,com.google.android.gms.maps.model.StampStyle):1:1 -> <init>
      # {"id":"com.android.tools.r8.residualsignature","signature":"(FIIZLZ0/w;)V"}
    1:3:com.google.android.gms.maps.model.StampStyle getStamp():0:0 -> a
      # {"id":"com.android.tools.r8.residualsignature","signature":"()LZ0/w;"}
    1:3:boolean isVisible():0:0 -> b
    1:3:float zza():0:0 -> c
    1:18:android.util.Pair zzb():1:1 -> d
    1:7:void writeToParcel(android.os.Parcel,int):1:1 -> writeToParcel
    8:13:void writeToParcel(android.os.Parcel,int):2:2 -> writeToParcel
    14:19:void writeToParcel(android.os.Parcel,int):3:3 -> writeToParcel
    20:27:void writeToParcel(android.os.Parcel,int):4:4 -> writeToParcel
    28:36:void writeToParcel(android.os.Parcel,int):5:5 -> writeToParcel
    37:39:void writeToParcel(android.os.Parcel,int):6:6 -> writeToParcel
    40:43:void writeToParcel(android.os.Parcel,int):7:7 -> writeToParcel
com.google.android.gms.maps.model.StrokeStyle$Builder -> Z0.x$a:
# {"id":"sourceFile","fileName":"com.google.android.gms:play-services-maps@@18.2.0"}
    float zza -> a
    int zzb -> b
    int zzc -> c
    boolean zzd -> d
    com.google.android.gms.maps.model.StampStyle zze -> e
      # {"id":"com.android.tools.r8.residualsignature","signature":"LZ0/w;"}
    1:9:void <init>(com.google.android.gms.maps.model.StrokeStyle):1:1 -> <init>
      # {"id":"com.android.tools.r8.residualsignature","signature":"(LZ0/x;)V"}
    10:13:void <init>(com.google.android.gms.maps.model.StrokeStyle):2:2 -> <init>
    14:23:void <init>(com.google.android.gms.maps.model.StrokeStyle):3:3 -> <init>
    24:33:void <init>(com.google.android.gms.maps.model.StrokeStyle):4:4 -> <init>
    34:39:void <init>(com.google.android.gms.maps.model.StrokeStyle):5:5 -> <init>
    40:46:void <init>(com.google.android.gms.maps.model.StrokeStyle):6:6 -> <init>
    1:16:com.google.android.gms.maps.model.StrokeStyle build():1:1 -> a
      # {"id":"com.android.tools.r8.residualsignature","signature":"()LZ0/x;"}
    1:3:com.google.android.gms.maps.model.StrokeStyle$Builder zzc(boolean):0:0 -> b
      # {"id":"com.android.tools.r8.residualsignature","signature":"(Z)LZ0/x$a;"}
    1:3:com.google.android.gms.maps.model.StrokeStyle$Builder zzd(float):0:0 -> c
      # {"id":"com.android.tools.r8.residualsignature","signature":"(F)LZ0/x$a;"}