build/app/outputs/mapping/release/usage.txt
com.commv.commvdriver.R$drawable
com.commv.commvdriver.R$mipmap
com.commv.commvdriver.R$string
com.commv.commvdriver.R$style
com.commv.commvdriver.R
...
android.support.customtabs.IPostMessageService$Default
android.support.customtabs.IPostMessageService$Stub$Proxy
android.support.customtabs.IPostMessageService$Stub
android.support.customtabs.IPostMessageService$_Parcel
android.support.customtabs.IPostMessageService
android.support.customtabs.trusted.ITrustedWebActivityCallback$Default
android.support.customtabs.trusted.ITrustedWebActivityCallback$Stub$Proxy
android.support.customtabs.trusted.ITrustedWebActivityCallback$Stub
android.support.customtabs.trusted.ITrustedWebActivityCallback$_Parcel
android.support.customtabs.trusted.ITrustedWebActivityCallback
android.support.customtabs.trusted.ITrustedWebActivityService$Default
android.support.customtabs.trusted.ITrustedWebActivityService$Stub$Proxy
android.support.customtabs.trusted.ITrustedWebActivityService$Stub
android.support.customtabs.trusted.ITrustedWebActivityService$_Parcel
android.support.customtabs.trusted.ITrustedWebActivityService
android.support.v4.app.INotificationSideChannel$Default
android.support.v4.app.INotificationSideChannel$Stub$Proxy:
    public void cancel(java.lang.String,int,java.lang.String)
    public void cancelAll(java.lang.String)
    public java.lang.String getInterfaceDescriptor()
android.support.v4.app.INotificationSideChannel$Stub:
    static final int TRANSACTION_cancel
    static final int TRANSACTION_cancelAll
    static final int TRANSACTION_notify
    public void <init>()
    public android.os.IBinder asBinder()
    public boolean onTransact(int,android.os.Parcel,android.os.Parcel,int)
android.support.v4.app.INotificationSideChannel$_Parcel:
    public void <init>()
    static synthetic java.lang.Object access$000(android.os.Parcel,android.os.Parcelable$Creator)
    private static java.lang.Object readTypedObject(android.os.Parcel,android.os.Parcelable$Creator)
android.support.v4.app.INotificationSideChannel:
    public abstract void cancel(java.lang.String,int,java.lang.String)
    public abstract void cancelAll(java.lang.String)
android.support.v4.os.IResultReceiver$Default
android.support.v4.os.IResultReceiver$Stub$Proxy
android.support.v4.os.IResultReceiver$Stub
android.support.v4.os.IResultReceiver$_Parcel
android.support.v4.os.IResultReceiver2$Default
android.support.v4.os.IResultReceiver2$Stub$Proxy
android.support.v4.os.IResultReceiver2$Stub
android.support.v4.os.IResultReceiver2$_Parcel
android.support.v4.os.IResultReceiver2
android.support.v4.os.IResultReceiver
android.support.v4.os.ResultReceiver$1
android.support.v4.os.ResultReceiver$MyResultReceiver
android.support.v4.os.ResultReceiver$MyRunnable
android.support.v4.os.ResultReceiver
androidx.activity.ActivityViewModelLazyKt$viewModels$1
androidx.activity.ActivityViewModelLazyKt$viewModels$2
androidx.activity.ActivityViewModelLazyKt$viewModels$3
androidx.activity.ActivityViewModelLazyKt$viewModels$4
androidx.activity.ActivityViewModelLazyKt$viewModels$factoryPromise$1
androidx.activity.ActivityViewModelLazyKt$viewModels$factoryPromise$2
androidx.activity.ActivityViewModelLazyKt
androidx.activity.Api26Impl
androidx.activity.BackEventCompat$SwipeEdge
androidx.activity.BackEventCompat:
    public static final int EDGE_LEFT
    public static final int EDGE_RIGHT
    public final int getSwipeEdge()
    public final float getTouchX()
    public final float getTouchY()
    public final android.window.BackEvent toBackEvent()
androidx.activity.ComponentActivity$4
androidx.activity.ComponentActivity$Api33Impl
androidx.activity.ComponentActivity$Companion
androidx.activity.ComponentActivity$NonConfigurationInstances
androidx.activity.ComponentActivity$ReportFullyDrawnExecutor
androidx.activity.ComponentActivity$ReportFullyDrawnExecutorImpl
androidx.activity.ComponentActivity$activityResultRegistry$1
androidx.activity.ComponentActivity$defaultViewModelProviderFactory$2
androidx.activity.ComponentActivity$fullyDrawnReporter$2$1
androidx.activity.ComponentActivity$fullyDrawnReporter$2